#
# A fatal error has been detected by the Java Runtime Environment:
#
#  Internal Error (javaClasses.cpp:136), pid=7163, tid=3060034368
#  fatal error: Invalid layout of preloaded class
#
# JRE version:  (7.0_51) (build )
# Java VM: OpenJDK Server VM (24.45-b08 mixed mode linux-x86 )
# Failed to write core dump. Core dumps have been disabled. To enable core dumping, try "ulimit -c unlimited" before starting Java again
#
# If you would like to submit a bug report, please include
# instructions on how to reproduce the bug and visit:
#   http://icedtea.classpath.org/bugzilla
#

---------------  T H R E A D  ---------------

Current thread (0xb6407800):  JavaThread "Unknown thread" [_thread_in_vm, id=7169, stack(0xb65f6000,0xb6647000)]

Stack: [0xb65f6000,0xb6647000]
[error occurred during error reporting (printing stack bounds), id 0xb]


[error occurred during error reporting (printing native stack), id 0xb]


---------------  P R O C E S S  ---------------

Java Threads: ( => current thread )

Other Threads:

=>0xb6407800 (exited) JavaThread "Unknown thread" [_thread_in_vm, id=7169, stack(0xb65f6000,0xb6647000)]

VM state:not at safepoint (not fully initialized)

VM Mutex/Monitor currently owned by a thread: None

GC Heap History (0 events):
No events

Deoptimization events (0 events):
No events

Internal exceptions (0 events):
No events

Events (10 events):
Event: 0.810 loading class 0x8ae24670 done
Event: 0.811 loading class 0x8ae24100 done
Event: 0.811 loading class 0x8ae240e0
Event: 0.811 loading class 0x8ae2b370
Event: 0.811 loading class 0x8ae2b370 done
Event: 0.811 loading class 0x8ae2b3a0
Event: 0.811 loading class 0x8ae2b3a0 done
Event: 0.811 loading class 0x8ae2b3d0
Event: 0.811 loading class 0x8ae2b3d0 done
Event: 0.812 loading class 0x8ae240e0 done


Dynamic libraries:
08048000-08049000 r-xp 00000000 08:08 1316644    /usr/lib/jvm/java-7-openjdk-i386/jre/bin/java
08049000-0804a000 r--p 00000000 08:08 1316644    /usr/lib/jvm/java-7-openjdk-i386/jre/bin/java
0804a000-0804b000 rw-p 00001000 08:08 1316644    /usr/lib/jvm/java-7-openjdk-i386/jre/bin/java
080aa000-080cb000 rw-p 00000000 00:00 0          [heap]
892a9000-89380000 r--s 013fe000 08:08 184184     /home/line/android-adt/sdk/platforms/android-19/android.jar
89380000-8aa00000 rw-p 00000000 00:00 0 
8aa00000-8aa21000 rw-p 00000000 00:00 0 
8aa21000-8ab00000 ---p 00000000 00:00 0 
8ab7f000-8ab80000 ---p 00000000 00:00 0 
8ab80000-8ac00000 rw-p 00000000 00:00 0          [stack:7173]
8ac00000-8ac21000 rw-p 00000000 00:00 0 
8ac21000-8ad00000 ---p 00000000 00:00 0 
8ad00000-8ad21000 rw-p 00000000 00:00 0 
8ad21000-8ae00000 ---p 00000000 00:00 0 
8ae24000-8ae7f000 rw-p 00000000 00:00 0 
8ae7f000-8ae80000 ---p 00000000 00:00 0 
8ae80000-8af00000 rw-p 00000000 00:00 0          [stack:7172]
8af00000-8af21000 rw-p 00000000 00:00 0 
8af21000-8b000000 ---p 00000000 00:00 0 
8b052000-8b053000 ---p 00000000 00:00 0 
8b053000-8b0d3000 rw-p 00000000 00:00 0          [stack:7171]
8b0d3000-8b0d4000 ---p 00000000 00:00 0 
8b0d4000-8b15e000 rw-p 00000000 00:00 0          [stack:7170]
8b15e000-8b1ff000 rw-p 00000000 00:00 0 
8b1ff000-8b207000 rw-p 00000000 00:00 0 
8b207000-8b23f000 rw-p 00000000 00:00 0 
8b23f000-8b249000 rw-p 00000000 00:00 0 
8b249000-8b2e9000 rw-p 00000000 00:00 0 
8b2e9000-8b2ef000 rw-p 00000000 00:00 0 
8b2ef000-8b33f000 rw-p 00000000 00:00 0 
8b33f000-8c340000 rw-p 00000000 00:00 0 
8c340000-93340000 rw-p 00000000 00:00 0 
93340000-94700000 rw-p 00000000 00:00 0 
94700000-a8880000 rw-p 00000000 00:00 0 
a8880000-a9280000 rw-p 00000000 00:00 0 
a9280000-b3340000 rw-p 00000000 00:00 0 
b3340000-b3349000 rw-p 00000000 00:00 0 
b3349000-b3400000 rw-p 00000000 00:00 0 
b3400000-b3640000 rwxp 00000000 00:00 0 
b3640000-b6457000 rw-p 00000000 00:00 0 
b6457000-b6500000 ---p 00000000 00:00 0 
b6509000-b6538000 rw-p 00000000 00:00 0 
b6538000-b6570000 rw-p 00000000 00:00 0 
b6570000-b657b000 r-xp 00000000 08:08 922537     /lib/i386-linux-gnu/libnss_files-2.17.so
b657b000-b657c000 r--p 0000a000 08:08 922537     /lib/i386-linux-gnu/libnss_files-2.17.so
b657c000-b657d000 rw-p 0000b000 08:08 922537     /lib/i386-linux-gnu/libnss_files-2.17.so
b657d000-b6587000 r-xp 00000000 08:08 922574     /lib/i386-linux-gnu/libnss_nis-2.17.so
b6587000-b6588000 r--p 00009000 08:08 922574     /lib/i386-linux-gnu/libnss_nis-2.17.so
b6588000-b6589000 rw-p 0000a000 08:08 922574     /lib/i386-linux-gnu/libnss_nis-2.17.so
b6589000-b659e000 r-xp 00000000 08:08 922450     /lib/i386-linux-gnu/libnsl-2.17.so
b659e000-b659f000 r--p 00014000 08:08 922450     /lib/i386-linux-gnu/libnsl-2.17.so
b659f000-b65a0000 rw-p 00015000 08:08 922450     /lib/i386-linux-gnu/libnsl-2.17.so
b65a0000-b65a2000 rw-p 00000000 00:00 0 
b65a2000-b65a9000 r-xp 00000000 08:08 922564     /lib/i386-linux-gnu/libnss_compat-2.17.so
b65a9000-b65aa000 r--p 00006000 08:08 922564     /lib/i386-linux-gnu/libnss_compat-2.17.so
b65aa000-b65ab000 rw-p 00007000 08:08 922564     /lib/i386-linux-gnu/libnss_compat-2.17.so
b65ab000-b65ba000 rw-p 00000000 00:00 0 
b65ba000-b65c2000 r-xp 00000000 08:08 1581806    /usr/lib/jvm/java-7-openjdk-i386/jre/lib/i386/libzip.so
b65c2000-b65c3000 r--p 00007000 08:08 1581806    /usr/lib/jvm/java-7-openjdk-i386/jre/lib/i386/libzip.so
b65c3000-b65c4000 rw-p 00008000 08:08 1581806    /usr/lib/jvm/java-7-openjdk-i386/jre/lib/i386/libzip.so
b65c4000-b65eb000 r-xp 00000000 08:08 1579383    /usr/lib/jvm/java-7-openjdk-i386/jre/lib/i386/libjava.so
b65eb000-b65ec000 r--p 00026000 08:08 1579383    /usr/lib/jvm/java-7-openjdk-i386/jre/lib/i386/libjava.so
b65ec000-b65ed000 rw-p 00027000 08:08 1579383    /usr/lib/jvm/java-7-openjdk-i386/jre/lib/i386/libjava.so
b65ed000-b65f4000 r-xp 00000000 08:08 922573     /lib/i386-linux-gnu/librt-2.17.so
b65f4000-b65f5000 r--p 00006000 08:08 922573     /lib/i386-linux-gnu/librt-2.17.so
b65f5000-b65f6000 rw-p 00007000 08:08 922573     /lib/i386-linux-gnu/librt-2.17.so
b65f6000-b65f9000 ---p 00000000 00:00 0 
b65f9000-b6647000 rw-p 00000000 00:00 0          [stack:7169]
b6647000-b6662000 r-xp 00000000 08:08 921196     /lib/i386-linux-gnu/libgcc_s.so.1
b6662000-b6663000 r--p 0001a000 08:08 921196     /lib/i386-linux-gnu/libgcc_s.so.1
b6663000-b6664000 rw-p 0001b000 08:08 921196     /lib/i386-linux-gnu/libgcc_s.so.1
b6664000-b66a5000 r-xp 00000000 08:08 922570     /lib/i386-linux-gnu/libm-2.17.so
b66a5000-b66a6000 r--p 00040000 08:08 922570     /lib/i386-linux-gnu/libm-2.17.so
b66a6000-b66a7000 rw-p 00041000 08:08 922570     /lib/i386-linux-gnu/libm-2.17.so
b66a7000-b6783000 r-xp 00000000 08:08 1185562    /usr/lib/i386-linux-gnu/libstdc++.so.6.0.17
b6783000-b6784000 ---p 000dc000 08:08 1185562    /usr/lib/i386-linux-gnu/libstdc++.so.6.0.17
b6784000-b6788000 r--p 000dc000 08:08 1185562    /usr/lib/i386-linux-gnu/libstdc++.so.6.0.17
b6788000-b6789000 rw-p 000e0000 08:08 1185562    /usr/lib/i386-linux-gnu/libstdc++.so.6.0.17
b6789000-b6790000 rw-p 00000000 00:00 0 
b6790000-b7135000 r-xp 00000000 08:08 1581816    /usr/lib/jvm/java-7-openjdk-i386/jre/lib/i386/server/libjvm.so
b7135000-b7136000 ---p 009a5000 08:08 1581816    /usr/lib/jvm/java-7-openjdk-i386/jre/lib/i386/server/libjvm.so
b7136000-b718b000 r--p 009a5000 08:08 1581816    /usr/lib/jvm/java-7-openjdk-i386/jre/lib/i386/server/libjvm.so
b718b000-b719f000 rw-p 009fa000 08:08 1581816    /usr/lib/jvm/java-7-openjdk-i386/jre/lib/i386/server/libjvm.so
b719f000-b75bd000 rw-p 00000000 00:00 0 
b75bd000-b75d4000 r-xp 00000000 08:08 921324     /lib/i386-linux-gnu/libz.so.1.2.7
b75d4000-b75d5000 r--p 00016000 08:08 921324     /lib/i386-linux-gnu/libz.so.1.2.7
b75d5000-b75d6000 rw-p 00017000 08:08 921324     /lib/i386-linux-gnu/libz.so.1.2.7
b75d6000-b75ed000 r-xp 00000000 08:08 922569     /lib/i386-linux-gnu/libpthread-2.17.so
b75ed000-b75ee000 r--p 00016000 08:08 922569     /lib/i386-linux-gnu/libpthread-2.17.so
b75ee000-b75ef000 rw-p 00017000 08:08 922569     /lib/i386-linux-gnu/libpthread-2.17.so
b75ef000-b75f1000 rw-p 00000000 00:00 0 
b75f1000-b75f4000 r-xp 00000000 08:08 922576     /lib/i386-linux-gnu/libdl-2.17.so
b75f4000-b75f5000 r--p 00002000 08:08 922576     /lib/i386-linux-gnu/libdl-2.17.so
b75f5000-b75f6000 rw-p 00003000 08:08 922576     /lib/i386-linux-gnu/libdl-2.17.so
b75f6000-b77a4000 r-xp 00000000 08:08 922571     /lib/i386-linux-gnu/libc-2.17.so
b77a4000-b77a6000 r--p 001ae000 08:08 922571     /lib/i386-linux-gnu/libc-2.17.so
b77a6000-b77a7000 rw-p 001b0000 08:08 922571     /lib/i386-linux-gnu/libc-2.17.so
b77a7000-b77aa000 rw-p 00000000 00:00 0 
b77aa000-b77b2000 rw-s 00000000 08:08 1068070    /tmp/hsperfdata_line/7163
b77b2000-b77b3000 rw-p 00000000 00:00 0 
b77b3000-b77b4000 r--p 00000000 00:00 0 
b77b4000-b77c1000 r-xp 00000000 08:08 1581823    /usr/lib/jvm/java-7-openjdk-i386/jre/lib/i386/libverify.so
b77c1000-b77c2000 r--p 0000d000 08:08 1581823    /usr/lib/jvm/java-7-openjdk-i386/jre/lib/i386/libverify.so
b77c2000-b77c3000 rw-p 0000e000 08:08 1581823    /usr/lib/jvm/java-7-openjdk-i386/jre/lib/i386/libverify.so
b77c3000-b77d0000 r-xp 00000000 08:08 1581809    /usr/lib/jvm/java-7-openjdk-i386/jre/lib/i386/jli/libjli.so
b77d0000-b77d1000 r--p 0000c000 08:08 1581809    /usr/lib/jvm/java-7-openjdk-i386/jre/lib/i386/jli/libjli.so
b77d1000-b77d2000 rw-p 0000d000 08:08 1581809    /usr/lib/jvm/java-7-openjdk-i386/jre/lib/i386/jli/libjli.so
b77d2000-b77d5000 rw-p 00000000 00:00 0 
b77d5000-b77d6000 r-xp 00000000 00:00 0          [vdso]
b77d6000-b77f6000 r-xp 00000000 08:08 922572     /lib/i386-linux-gnu/ld-2.17.so
b77f6000-b77f7000 r--p 0001f000 08:08 922572     /lib/i386-linux-gnu/ld-2.17.so
b77f7000-b77f8000 rw-p 00020000 08:08 922572     /lib/i386-linux-gnu/ld-2.17.so
bfb04000-bfb25000 rw-p 00000000 00:00 0          [stack]

VM Arguments:
jvm_args: -Dfile.encoding=UTF-8 -Xbootclasspath:/home/line/android-adt/sdk/platforms/android-19/android.jar 
java_command: com.line.alermapp.util.FormatUtils
Launcher Type: SUN_STANDARD

Environment Variables:
JAVA_HOME=/usr/lib/jdk/jdk1.7.0_25
JRE_HOME=/usr/lib/jdk/jdk1.7.0_25/jre
CLASSPATH=.::/usr/lib/jdk/jdk1.7.0_25/lib:/usr/lib/jdk/jdk1.7.0_25/jre/lib
PATH=/usr/lib/jdk/jdk1.7.0_25/bin:/usr/lib/jdk/jdk1.7.0_25/jre/bin:/home/line/play:/usr/lib/lightdm/lightdm:/usr/local/sbin:/usr/local/bin:/usr/sbin:/usr/bin:/sbin:/bin:/usr/games:/usr/local/games:/home/line/android-adt/sdk/platform-tools
LD_LIBRARY_PATH=/usr/lib/jvm/java-7-openjdk-i386/jre/lib/i386/server:/usr/lib/jvm/java-7-openjdk-i386/jre/lib/i386:/usr/lib/jvm/java-7-openjdk-i386/jre/../lib/i386:/usr/lib/jvm/java-7-openjdk-i386/jre/lib/i386/client:/usr/lib/jvm/java-7-openjdk-i386/jre/lib/i386:
SHELL=/bin/bash
DISPLAY=:0.0

Signal Handlers:
SIGSEGV: [libjvm.so+0x7e6440], sa_mask[0]=0x7ffbfeff, sa_flags=0x10000004
SIGBUS: [libjvm.so+0x7e6440], sa_mask[0]=0x7ffbfeff, sa_flags=0x10000004
SIGFPE: [libjvm.so+0x663310], sa_mask[0]=0x7ffbfeff, sa_flags=0x10000004
SIGPIPE: [libjvm.so+0x663310], sa_mask[0]=0x7ffbfeff, sa_flags=0x10000004
SIGXFSZ: [libjvm.so+0x663310], sa_mask[0]=0x7ffbfeff, sa_flags=0x10000004
SIGILL: [libjvm.so+0x663310], sa_mask[0]=0x7ffbfeff, sa_flags=0x10000004
SIGUSR1: SIG_DFL, sa_mask[0]=0x00000000, sa_flags=0x00000000
SIGUSR2: [libjvm.so+0x663450], sa_mask[0]=0x00000004, sa_flags=0x10000004
SIGHUP: SIG_DFL, sa_mask[0]=0x00000000, sa_flags=0x00000000
SIGINT: SIG_DFL, sa_mask[0]=0x00000000, sa_flags=0x00000000
SIGTERM: SIG_DFL, sa_mask[0]=0x00000000, sa_flags=0x00000000
SIGQUIT: SIG_DFL, sa_mask[0]=0x00000000, sa_flags=0x00000000


---------------  S Y S T E M  ---------------

OS:Ubuntu 13.04 (raring)
uname:Linux 3.8.0-27-generic #40-Ubuntu SMP Tue Jul 9 00:19:35 UTC 2013 i686
libc:glibc 2.17 NPTL 2.17 
rlimit: STACK 8192k, CORE 0k, NPROC 15107, NOFILE 4096, AS infinity
load average:1.75 1.58 1.53

/proc/meminfo:
MemTotal:        1950292 kB
MemFree:          130864 kB
Buffers:           20404 kB
Cached:           446756 kB
SwapCached:         5040 kB
Active:           869084 kB
Inactive:         827568 kB
Active(anon):     706332 kB
Inactive(anon):   706012 kB
Active(file):     162752 kB
Inactive(file):   121556 kB
Unevictable:          68 kB
Mlocked:              68 kB
HighTotal:       1092272 kB
HighFree:          23392 kB
LowTotal:         858020 kB
LowFree:          107472 kB
SwapTotal:       2001916 kB
SwapFree:        1910312 kB
Dirty:              1004 kB
Writeback:             0 kB
AnonPages:       1225128 kB
Mapped:           176100 kB
Shmem:            182484 kB
Slab:              76196 kB
SReclaimable:      55964 kB
SUnreclaim:        20232 kB
KernelStack:        4752 kB
PageTables:        13712 kB
NFS_Unstable:          0 kB
Bounce:                0 kB
WritebackTmp:          0 kB
CommitLimit:     2977060 kB
Committed_AS:    4668928 kB
VmallocTotal:     122880 kB
VmallocUsed:       15376 kB
VmallocChunk:     106596 kB
HardwareCorrupted:     0 kB
AnonHugePages:         0 kB
HugePages_Total:       0
HugePages_Free:        0
HugePages_Rsvd:        0
HugePages_Surp:        0
Hugepagesize:       2048 kB
DirectMap4k:       10232 kB
DirectMap2M:      903168 kB


CPU:total 4 (2 cores per cpu, 2 threads per core) family 6 model 42 stepping 7, cmov, cx8, fxsr, mmx, sse, sse2, sse3, ssse3, sse4.1, sse4.2, popcnt, avx, ht, tsc, tscinvbit

/proc/cpuinfo:
processor	: 0
vendor_id	: GenuineIntel
cpu family	: 6
model		: 42
model name	: Intel(R) Core(TM) i3-2350M CPU @ 2.30GHz
stepping	: 7
microcode	: 0x1b
cpu MHz		: 1000.000
cache size	: 3072 KB
physical id	: 0
siblings	: 4
core id		: 0
cpu cores	: 2
apicid		: 0
initial apicid	: 0
fdiv_bug	: no
hlt_bug		: no
f00f_bug	: no
coma_bug	: no
fpu		: yes
fpu_exception	: yes
cpuid level	: 13
wp		: yes
flags		: fpu vme de pse tsc msr pae mce cx8 apic sep mtrr pge mca cmov pat pse36 clflush dts acpi mmx fxsr sse sse2 ss ht tm pbe nx rdtscp lm constant_tsc arch_perfmon pebs bts xtopology nonstop_tsc aperfmperf eagerfpu pni pclmulqdq dtes64 monitor ds_cpl vmx est tm2 ssse3 cx16 xtpr pdcm pcid sse4_1 sse4_2 x2apic popcnt tsc_deadline_timer xsave avx lahf_lm arat epb xsaveopt pln pts dtherm tpr_shadow vnmi flexpriority ept vpid
bogomips	: 4589.56
clflush size	: 64
cache_alignment	: 64
address sizes	: 36 bits physical, 48 bits virtual
power management:

processor	: 1
vendor_id	: GenuineIntel
cpu family	: 6
model		: 42
model name	: Intel(R) Core(TM) i3-2350M CPU @ 2.30GHz
stepping	: 7
microcode	: 0x1b
cpu MHz		: 800.000
cache size	: 3072 KB
physical id	: 0
siblings	: 4
core id		: 1
cpu cores	: 2
apicid		: 2
initial apicid	: 2
fdiv_bug	: no
hlt_bug		: no
f00f_bug	: no
coma_bug	: no
fpu		: yes
fpu_exception	: yes
cpuid level	: 13
wp		: yes
flags		: fpu vme de pse tsc msr pae mce cx8 apic sep mtrr pge mca cmov pat pse36 clflush dts acpi mmx fxsr sse sse2 ss ht tm pbe nx rdtscp lm constant_tsc arch_perfmon pebs bts xtopology nonstop_tsc aperfmperf eagerfpu pni pclmulqdq dtes64 monitor ds_cpl vmx est tm2 ssse3 cx16 xtpr pdcm pcid sse4_1 sse4_2 x2apic popcnt tsc_deadline_timer xsave avx lahf_lm arat epb xsaveopt pln pts dtherm tpr_shadow vnmi flexpriority ept vpid
bogomips	: 4589.56
clflush size	: 64
cache_alignment	: 64
address sizes	: 36 bits physical, 48 bits virtual
power management:

processor	: 2
vendor_id	: GenuineIntel
cpu family	: 6
model		: 42
model name	: Intel(R) Core(TM) i3-2350M CPU @ 2.30GHz
stepping	: 7
microcode	: 0x1b
cpu MHz		: 1000.000
cache size	: 3072 KB
physical id	: 0
siblings	: 4
core id		: 0
cpu cores	: 2
apicid		: 1
initial apicid	: 1
fdiv_bug	: no
hlt_bug		: no
f00f_bug	: no
coma_bug	: no
fpu		: yes
fpu_exception	: yes
cpuid level	: 13
wp		: yes
flags		: fpu vme de pse tsc msr pae mce cx8 apic sep mtrr pge mca cmov pat pse36 clflush dts acpi mmx fxsr sse sse2 ss ht tm pbe nx rdtscp lm constant_tsc arch_perfmon pebs bts xtopology nonstop_tsc aperfmperf eagerfpu pni pclmulqdq dtes64 monitor ds_cpl vmx est tm2 ssse3 cx16 xtpr pdcm pcid sse4_1 sse4_2 x2apic popcnt tsc_deadline_timer xsave avx lahf_lm arat epb xsaveopt pln pts dtherm tpr_shadow vnmi flexpriority ept vpid
bogomips	: 4589.56
clflush size	: 64
cache_alignment	: 64
address sizes	: 36 bits physical, 48 bits virtual
power management:

processor	: 3
vendor_id	: GenuineIntel
cpu family	: 6
model		: 42
model name	: Intel(R) Core(TM) i3-2350M CPU @ 2.30GHz
stepping	: 7
microcode	: 0x1b
cpu MHz		: 800.000
cache size	: 3072 KB
physical id	: 0
siblings	: 4
core id		: 1
cpu cores	: 2
apicid		: 3
initial apicid	: 3
fdiv_bug	: no
hlt_bug		: no
f00f_bug	: no
coma_bug	: no
fpu		: yes
fpu_exception	: yes
cpuid level	: 13
wp		: yes
flags		: fpu vme de pse tsc msr pae mce cx8 apic sep mtrr pge mca cmov pat pse36 clflush dts acpi mmx fxsr sse sse2 ss ht tm pbe nx rdtscp lm constant_tsc arch_perfmon pebs bts xtopology nonstop_tsc aperfmperf eagerfpu pni pclmulqdq dtes64 monitor ds_cpl vmx est tm2 ssse3 cx16 xtpr pdcm pcid sse4_1 sse4_2 x2apic popcnt tsc_deadline_timer xsave avx lahf_lm arat epb xsaveopt pln pts dtherm tpr_shadow vnmi flexpriority ept vpid
bogomips	: 4589.56
clflush size	: 64
cache_alignment	: 64
address sizes	: 36 bits physical, 48 bits virtual
power management:



Memory: 4k page, physical 1950292k(130864k free), swap 2001916k(1910312k free)

vm_info: OpenJDK Server VM (24.45-b08) for linux-x86 JRE (1.7.0_51-b00), built on Jan 16 2014 18:19:56 by "buildd" with gcc 4.7.3

time: Thu May 15 10:38:17 2014
elapsed time: 0 seconds

